{
  "data": {
    "addImageAttachment": {
      "fileName": "nahil-naseer-xljtGZ2-P3Y-unsplash-15_30_54.jpg",
      "fileSizeKb": 1590.044,
      "fileType": "image/jpeg",
      "fileUrl": "http://localhost:3000//images/0/0/80707228-c6f3-4772-8b02-4598ead80340.jpg",
      "licence": "--",
      "description": "a3SgFwv74kn7ngtVfiUoLr_2020_09_10_21_18_04.zip.unziped/framirez/attachments/e1e20035b0c34c4c9b7309f6abc7376c/46c9e609-df50-45a5-b271-6c7798fbb0fb/nahil-naseer-xljtGZ2-P3Y-unsplash-15_30_54.jpg",
      "smallTnUrl": "http://localhost:3000//images/0/0/80707228-c6f3-4772-8b02-4598ead80340_small_tn.jpg",
      "mediumTnUrl": "http://localhost:3000//images/0/0/80707228-c6f3-4772-8b02-4598ead80340_medium_tn.jpg"
    }
  }
}
{
  "data": {
    "addImageAttachment": {
      "fileName": "nahil-naseer-xljtGZ2-P3Y-unsplash-15_30_59.jpg",
      "fileSizeKb": 1590.044,
      "fileType": "image/jpeg",
      "fileUrl": "http://localhost:3000//images/0/0/b17f97eb-e5ba-4969-91d1-59836814c2a0.jpg",
      "licence": "--",
      "description": "a3SgFwv74kn7ngtVfiUoLr_2020_09_10_21_18_04.zip.unziped/framirez/attachments/e1e20035b0c34c4c9b7309f6abc7376c/46c9e609-df50-45a5-b271-6c7798fbb0fb/nahil-naseer-xljtGZ2-P3Y-unsplash-15_30_59.jpg",
      "smallTnUrl": "http://localhost:3000//images/0/0/b17f97eb-e5ba-4969-91d1-59836814c2a0_small_tn.jpg",
      "mediumTnUrl": "http://localhost:3000//images/0/0/b17f97eb-e5ba-4969-91d1-59836814c2a0_medium_tn.jpg"
    }
  }
}
{
  "data": {
    "addImageAttachment": {
      "fileName": "pexels-pok-rie-268261 (1)-16_16_25.jpg",
      "fileSizeKb": 1040.244,
      "fileType": "image/jpeg",
      "fileUrl": "http://localhost:3000//images/0/0/8278741a-34d9-47be-8a23-1cfecc3e3d81.jpg",
      "licence": "--",
      "description": "a3SgFwv74kn7ngtVfiUoLr_2020_09_10_21_18_04.zip.unziped/framirez/attachments/e1e20035b0c34c4c9b7309f6abc7376c/ea9da267-4bd3-4cd0-aa40-844de9d90136/pexels-pok-rie-268261 (1)-16_16_25.jpg",
      "smallTnUrl": "http://localhost:3000//images/0/0/8278741a-34d9-47be-8a23-1cfecc3e3d81_small_tn.jpg",
      "mediumTnUrl": "http://localhost:3000//images/0/0/8278741a-34d9-47be-8a23-1cfecc3e3d81_medium_tn.jpg"
    }
  }
}
{
  "data": {
    "addImageAttachment": {
      "fileName": "image (1)-16_16_20.png",
      "fileSizeKb": 527.551,
      "fileType": "image/png",
      "fileUrl": "http://localhost:3000//images/0/0/1f68441c-ffa8-4998-b3b1-3595e5661d2c.png",
      "licence": "--",
      "description": "a3SgFwv74kn7ngtVfiUoLr_2020_09_10_21_18_04.zip.unziped/framirez/attachments/e1e20035b0c34c4c9b7309f6abc7376c/ea9da267-4bd3-4cd0-aa40-844de9d90136/image (1)-16_16_20.png",
      "smallTnUrl": "http://localhost:3000//images/0/0/1f68441c-ffa8-4998-b3b1-3595e5661d2c_small_tn.png",
      "mediumTnUrl": "http://localhost:3000//images/0/0/1f68441c-ffa8-4998-b3b1-3595e5661d2c_medium_tn.png"
    }
  }
}
{
  "data": {
    "addImageAttachment": {
      "fileName": "nahil-naseer-xljtGZ2-P3Y-unsplash-15_28_6.jpg",
      "fileSizeKb": 1590.044,
      "fileType": "image/jpeg",
      "fileUrl": "http://localhost:3000//images/0/0/67b2fc3c-d081-495e-a926-9712a046788d.jpg",
      "licence": "--",
      "description": "a3SgFwv74kn7ngtVfiUoLr_2020_09_10_21_18_04.zip.unziped/framirez/attachments/e1e20035b0c34c4c9b7309f6abc7376c/519b4b3f-a782-4424-9dd1-3297ac3760dd/nahil-naseer-xljtGZ2-P3Y-unsplash-15_28_6.jpg",
      "smallTnUrl": "http://localhost:3000//images/0/0/67b2fc3c-d081-495e-a926-9712a046788d_small_tn.jpg",
      "mediumTnUrl": "http://localhost:3000//images/0/0/67b2fc3c-d081-495e-a926-9712a046788d_medium_tn.jpg"
    }
  }
}
{
  "data": {
    "addImageAttachment": {
      "fileName": "nahil-naseer-xljtGZ2-P3Y-unsplash-15_28_2.jpg",
      "fileSizeKb": 1590.044,
      "fileType": "image/jpeg",
      "fileUrl": "http://localhost:3000//images/0/0/3f773f8b-c42c-4f51-bb6d-3515fdf6f68b.jpg",
      "licence": "--",
      "description": "a3SgFwv74kn7ngtVfiUoLr_2020_09_10_21_18_04.zip.unziped/framirez/attachments/e1e20035b0c34c4c9b7309f6abc7376c/519b4b3f-a782-4424-9dd1-3297ac3760dd/nahil-naseer-xljtGZ2-P3Y-unsplash-15_28_2.jpg",
      "smallTnUrl": "http://localhost:3000//images/0/0/3f773f8b-c42c-4f51-bb6d-3515fdf6f68b_small_tn.jpg",
      "mediumTnUrl": "http://localhost:3000//images/0/0/3f773f8b-c42c-4f51-bb6d-3515fdf6f68b_medium_tn.jpg"
    }
  }
}
{
  "data": {
    "addImageAttachment": {
      "fileName": "nahil-naseer-xljtGZ2-P3Y-unsplash-15_30_54.jpg",
      "fileSizeKb": 1590.044,
      "fileType": "image/jpeg",
      "fileUrl": "http://localhost:3000//images/0/0/2c9721ec-dca9-498c-9369-15b7452e396a.jpg",
      "licence": "--",
      "description": "a3SgFwv74kn7ngtVfiUoLr_2020_09_10_21_18_04.zip.unziped/framirez/attachments/e1e20035b0c34c4c9b7309f6abc7376c/46c9e609-df50-45a5-b271-6c7798fbb0fb/nahil-naseer-xljtGZ2-P3Y-unsplash-15_30_54.jpg",
      "smallTnUrl": "http://localhost:3000//images/0/0/2c9721ec-dca9-498c-9369-15b7452e396a_small_tn.jpg",
      "mediumTnUrl": "http://localhost:3000//images/0/0/2c9721ec-dca9-498c-9369-15b7452e396a_medium_tn.jpg"
    }
  }
}
{
  "data": {
    "addImageAttachment": {
      "fileName": "nahil-naseer-xljtGZ2-P3Y-unsplash-15_30_59.jpg",
      "fileSizeKb": 1590.044,
      "fileType": "image/jpeg",
      "fileUrl": "http://localhost:3000//images/0/0/ccdcaa05-e958-4c93-b59b-12b1906ec352.jpg",
      "licence": "--",
      "description": "a3SgFwv74kn7ngtVfiUoLr_2020_09_10_21_18_04.zip.unziped/framirez/attachments/e1e20035b0c34c4c9b7309f6abc7376c/46c9e609-df50-45a5-b271-6c7798fbb0fb/nahil-naseer-xljtGZ2-P3Y-unsplash-15_30_59.jpg",
      "smallTnUrl": "http://localhost:3000//images/0/0/ccdcaa05-e958-4c93-b59b-12b1906ec352_small_tn.jpg",
      "mediumTnUrl": "http://localhost:3000//images/0/0/ccdcaa05-e958-4c93-b59b-12b1906ec352_medium_tn.jpg"
    }
  }
}
{
  "data": {
    "addImageAttachment": {
      "fileName": "pexels-pok-rie-268261 (1)-16_16_25.jpg",
      "fileSizeKb": 1040.244,
      "fileType": "image/jpeg",
      "fileUrl": "http://localhost:3000//images/0/0/ae24da4b-0916-48fa-b734-897c41d16ccf.jpg",
      "licence": "--",
      "description": "a3SgFwv74kn7ngtVfiUoLr_2020_09_10_21_18_04.zip.unziped/framirez/attachments/e1e20035b0c34c4c9b7309f6abc7376c/ea9da267-4bd3-4cd0-aa40-844de9d90136/pexels-pok-rie-268261 (1)-16_16_25.jpg",
      "smallTnUrl": "http://localhost:3000//images/0/0/ae24da4b-0916-48fa-b734-897c41d16ccf_small_tn.jpg",
      "mediumTnUrl": "http://localhost:3000//images/0/0/ae24da4b-0916-48fa-b734-897c41d16ccf_medium_tn.jpg"
    }
  }
}
{
  "data": {
    "addImageAttachment": {
      "fileName": "image (1)-16_16_20.png",
      "fileSizeKb": 527.551,
      "fileType": "image/png",
      "fileUrl": "http://localhost:3000//images/0/0/ece9cbde-1890-4b34-81e7-808e7fba0ce1.png",
      "licence": "--",
      "description": "a3SgFwv74kn7ngtVfiUoLr_2020_09_10_21_18_04.zip.unziped/framirez/attachments/e1e20035b0c34c4c9b7309f6abc7376c/ea9da267-4bd3-4cd0-aa40-844de9d90136/image (1)-16_16_20.png",
      "smallTnUrl": "http://localhost:3000//images/0/0/ece9cbde-1890-4b34-81e7-808e7fba0ce1_small_tn.png",
      "mediumTnUrl": "http://localhost:3000//images/0/0/ece9cbde-1890-4b34-81e7-808e7fba0ce1_medium_tn.png"
    }
  }
}
{
  "data": {
    "addImageAttachment": {
      "fileName": "nahil-naseer-xljtGZ2-P3Y-unsplash-15_28_6.jpg",
      "fileSizeKb": 1590.044,
      "fileType": "image/jpeg",
      "fileUrl": "http://localhost:3000//images/0/0/527b4383-a6f5-4f5e-b05d-7be36b1acf66.jpg",
      "licence": "--",
      "description": "a3SgFwv74kn7ngtVfiUoLr_2020_09_10_21_18_04.zip.unziped/framirez/attachments/e1e20035b0c34c4c9b7309f6abc7376c/519b4b3f-a782-4424-9dd1-3297ac3760dd/nahil-naseer-xljtGZ2-P3Y-unsplash-15_28_6.jpg",
      "smallTnUrl": "http://localhost:3000//images/0/0/527b4383-a6f5-4f5e-b05d-7be36b1acf66_small_tn.jpg",
      "mediumTnUrl": "http://localhost:3000//images/0/0/527b4383-a6f5-4f5e-b05d-7be36b1acf66_medium_tn.jpg"
    }
  }
}
{
  "data": {
    "addImageAttachment": {
      "fileName": "nahil-naseer-xljtGZ2-P3Y-unsplash-15_28_2.jpg",
      "fileSizeKb": 1590.044,
      "fileType": "image/jpeg",
      "fileUrl": "http://localhost:3000//images/0/0/466691af-c368-4c43-8d1c-463912cf03ee.jpg",
      "licence": "--",
      "description": "a3SgFwv74kn7ngtVfiUoLr_2020_09_10_21_18_04.zip.unziped/framirez/attachments/e1e20035b0c34c4c9b7309f6abc7376c/519b4b3f-a782-4424-9dd1-3297ac3760dd/nahil-naseer-xljtGZ2-P3Y-unsplash-15_28_2.jpg",
      "smallTnUrl": "http://localhost:3000//images/0/0/466691af-c368-4c43-8d1c-463912cf03ee_small_tn.jpg",
      "mediumTnUrl": "http://localhost:3000//images/0/0/466691af-c368-4c43-8d1c-463912cf03ee_medium_tn.jpg"
    }
  }
}
{
  "name": "UnauthorizedError",
  "message": "jwt expired",
  "code": "invalid_token",
  "status": 401,
  "inner": {
    "name": "TokenExpiredError",
    "message": "jwt expired",
    "expiredAt": "2020-09-11T22:40:09.000Z"
  }
}
{
  "data": {
    "addImageAttachment": {
      "fileName": "nahil-naseer-xljtGZ2-P3Y-unsplash-15_30_54.jpg",
      "fileSizeKb": 1590.044,
      "fileType": "image/jpeg",
      "fileUrl": null,
      "licence": "--",
      "description": "a3SgFwv74kn7ngtVfiUoLr_2020_09_10_21_18_04.zip.unziped/framirez/attachments/e1e20035b0c34c4c9b7309f6abc7376c/46c9e609-df50-45a5-b271-6c7798fbb0fb/nahil-naseer-xljtGZ2-P3Y-unsplash-15_30_54.jpg",
      "smallTnUrl": null,
      "mediumTnUrl": null
    }
  }
}
{
  "data": {
    "addImageAttachment": {
      "fileName": "nahil-naseer-xljtGZ2-P3Y-unsplash-15_30_59.jpg",
      "fileSizeKb": 1590.044,
      "fileType": "image/jpeg",
      "fileUrl": null,
      "licence": "--",
      "description": "a3SgFwv74kn7ngtVfiUoLr_2020_09_10_21_18_04.zip.unziped/framirez/attachments/e1e20035b0c34c4c9b7309f6abc7376c/46c9e609-df50-45a5-b271-6c7798fbb0fb/nahil-naseer-xljtGZ2-P3Y-unsplash-15_30_59.jpg",
      "smallTnUrl": null,
      "mediumTnUrl": null
    }
  }
}
{
  "data": {
    "addImageAttachment": {
      "fileName": "pexels-pok-rie-268261 (1)-16_16_25.jpg",
      "fileSizeKb": 1040.244,
      "fileType": "image/jpeg",
      "fileUrl": null,
      "licence": "--",
      "description": "a3SgFwv74kn7ngtVfiUoLr_2020_09_10_21_18_04.zip.unziped/framirez/attachments/e1e20035b0c34c4c9b7309f6abc7376c/ea9da267-4bd3-4cd0-aa40-844de9d90136/pexels-pok-rie-268261 (1)-16_16_25.jpg",
      "smallTnUrl": null,
      "mediumTnUrl": null
    }
  }
}
{
  "data": {
    "addImageAttachment": {
      "fileName": "image (1)-16_16_20.png",
      "fileSizeKb": 527.551,
      "fileType": "image/png",
      "fileUrl": null,
      "licence": "--",
      "description": "a3SgFwv74kn7ngtVfiUoLr_2020_09_10_21_18_04.zip.unziped/framirez/attachments/e1e20035b0c34c4c9b7309f6abc7376c/ea9da267-4bd3-4cd0-aa40-844de9d90136/image (1)-16_16_20.png",
      "smallTnUrl": null,
      "mediumTnUrl": null
    }
  }
}
{
  "data": {
    "addImageAttachment": {
      "fileName": "nahil-naseer-xljtGZ2-P3Y-unsplash-15_28_6.jpg",
      "fileSizeKb": 1590.044,
      "fileType": "image/jpeg",
      "fileUrl": null,
      "licence": "--",
      "description": "a3SgFwv74kn7ngtVfiUoLr_2020_09_10_21_18_04.zip.unziped/framirez/attachments/e1e20035b0c34c4c9b7309f6abc7376c/519b4b3f-a782-4424-9dd1-3297ac3760dd/nahil-naseer-xljtGZ2-P3Y-unsplash-15_28_6.jpg",
      "smallTnUrl": null,
      "mediumTnUrl": null
    }
  }
}
{
  "data": {
    "addImageAttachment": {
      "fileName": "nahil-naseer-xljtGZ2-P3Y-unsplash-15_28_2.jpg",
      "fileSizeKb": 1590.044,
      "fileType": "image/jpeg",
      "fileUrl": null,
      "licence": "--",
      "description": "a3SgFwv74kn7ngtVfiUoLr_2020_09_10_21_18_04.zip.unziped/framirez/attachments/e1e20035b0c34c4c9b7309f6abc7376c/519b4b3f-a782-4424-9dd1-3297ac3760dd/nahil-naseer-xljtGZ2-P3Y-unsplash-15_28_2.jpg",
      "smallTnUrl": null,
      "mediumTnUrl": null
    }
  }
}
{
  "data": {
    "addImageAttachment": {
      "fileName": "nahil-naseer-xljtGZ2-P3Y-unsplash-15_30_54.jpg",
      "fileSizeKb": 1590.044,
      "fileType": "image/jpeg",
      "fileUrl": "http://localhost:3000//images/0/0/ea034d2d-1571-48fb-8dac-6b460eb5dafc.jpg",
      "licence": "--",
      "description": "a3SgFwv74kn7ngtVfiUoLr_2020_09_10_21_18_04.zip.unziped/framirez/attachments/e1e20035b0c34c4c9b7309f6abc7376c/46c9e609-df50-45a5-b271-6c7798fbb0fb/nahil-naseer-xljtGZ2-P3Y-unsplash-15_30_54.jpg",
      "smallTnUrl": "http://localhost:3000//images/0/0/ea034d2d-1571-48fb-8dac-6b460eb5dafc_small_tn.jpg",
      "mediumTnUrl": "http://localhost:3000//images/0/0/ea034d2d-1571-48fb-8dac-6b460eb5dafc_medium_tn.jpg"
    }
  }
}
{
  "data": {
    "addImageAttachment": {
      "fileName": "nahil-naseer-xljtGZ2-P3Y-unsplash-15_30_59.jpg",
      "fileSizeKb": 1590.044,
      "fileType": "image/jpeg",
      "fileUrl": "http://localhost:3000//images/0/0/848c4ac9-e651-4b82-8e2f-1af45fab7072.jpg",
      "licence": "--",
      "description": "a3SgFwv74kn7ngtVfiUoLr_2020_09_10_21_18_04.zip.unziped/framirez/attachments/e1e20035b0c34c4c9b7309f6abc7376c/46c9e609-df50-45a5-b271-6c7798fbb0fb/nahil-naseer-xljtGZ2-P3Y-unsplash-15_30_59.jpg",
      "smallTnUrl": "http://localhost:3000//images/0/0/848c4ac9-e651-4b82-8e2f-1af45fab7072_small_tn.jpg",
      "mediumTnUrl": "http://localhost:3000//images/0/0/848c4ac9-e651-4b82-8e2f-1af45fab7072_medium_tn.jpg"
    }
  }
}
{
  "data": {
    "addImageAttachment": {
      "fileName": "pexels-pok-rie-268261 (1)-16_16_25.jpg",
      "fileSizeKb": 1040.244,
      "fileType": "image/jpeg",
      "fileUrl": "http://localhost:3000//images/0/0/5bbc5fda-2fde-47f4-8272-fbd216c42284.jpg",
      "licence": "--",
      "description": "a3SgFwv74kn7ngtVfiUoLr_2020_09_10_21_18_04.zip.unziped/framirez/attachments/e1e20035b0c34c4c9b7309f6abc7376c/ea9da267-4bd3-4cd0-aa40-844de9d90136/pexels-pok-rie-268261 (1)-16_16_25.jpg",
      "smallTnUrl": "http://localhost:3000//images/0/0/5bbc5fda-2fde-47f4-8272-fbd216c42284_small_tn.jpg",
      "mediumTnUrl": "http://localhost:3000//images/0/0/5bbc5fda-2fde-47f4-8272-fbd216c42284_medium_tn.jpg"
    }
  }
}
{
  "data": {
    "addImageAttachment": {
      "fileName": "image (1)-16_16_20.png",
      "fileSizeKb": 527.551,
      "fileType": "image/png",
      "fileUrl": "http://localhost:3000//images/0/0/5cad504a-dcc4-4d74-ae68-2d2e28075953.png",
      "licence": "--",
      "description": "a3SgFwv74kn7ngtVfiUoLr_2020_09_10_21_18_04.zip.unziped/framirez/attachments/e1e20035b0c34c4c9b7309f6abc7376c/ea9da267-4bd3-4cd0-aa40-844de9d90136/image (1)-16_16_20.png",
      "smallTnUrl": "http://localhost:3000//images/0/0/5cad504a-dcc4-4d74-ae68-2d2e28075953_small_tn.png",
      "mediumTnUrl": "http://localhost:3000//images/0/0/5cad504a-dcc4-4d74-ae68-2d2e28075953_medium_tn.png"
    }
  }
}
{
  "data": {
    "addImageAttachment": {
      "fileName": "nahil-naseer-xljtGZ2-P3Y-unsplash-15_28_6.jpg",
      "fileSizeKb": 1590.044,
      "fileType": "image/jpeg",
      "fileUrl": "http://localhost:3000//images/0/0/c9a50464-6f2e-4178-b579-3f621f4af3b5.jpg",
      "licence": "--",
      "description": "a3SgFwv74kn7ngtVfiUoLr_2020_09_10_21_18_04.zip.unziped/framirez/attachments/e1e20035b0c34c4c9b7309f6abc7376c/519b4b3f-a782-4424-9dd1-3297ac3760dd/nahil-naseer-xljtGZ2-P3Y-unsplash-15_28_6.jpg",
      "smallTnUrl": "http://localhost:3000//images/0/0/c9a50464-6f2e-4178-b579-3f621f4af3b5_small_tn.jpg",
      "mediumTnUrl": "http://localhost:3000//images/0/0/c9a50464-6f2e-4178-b579-3f621f4af3b5_medium_tn.jpg"
    }
  }
}
{
  "data": {
    "addImageAttachment": {
      "fileName": "nahil-naseer-xljtGZ2-P3Y-unsplash-15_28_2.jpg",
      "fileSizeKb": 1590.044,
      "fileType": "image/jpeg",
      "fileUrl": "http://localhost:3000//images/0/0/005acf21-b68c-4802-97b5-e1d98cfd20b1.jpg",
      "licence": "--",
      "description": "a3SgFwv74kn7ngtVfiUoLr_2020_09_10_21_18_04.zip.unziped/framirez/attachments/e1e20035b0c34c4c9b7309f6abc7376c/519b4b3f-a782-4424-9dd1-3297ac3760dd/nahil-naseer-xljtGZ2-P3Y-unsplash-15_28_2.jpg",
      "smallTnUrl": "http://localhost:3000//images/0/0/005acf21-b68c-4802-97b5-e1d98cfd20b1_small_tn.jpg",
      "mediumTnUrl": "http://localhost:3000//images/0/0/005acf21-b68c-4802-97b5-e1d98cfd20b1_medium_tn.jpg"
    }
  }
}
