npm WARN EBADENGINE Unsupported engine {
npm WARN EBADENGINE   package: 'next-auth@4.0.5',
npm WARN EBADENGINE   required: { node: '^12.19.0 || ^14.15.0 || ^16.13.0' },
npm WARN EBADENGINE   current: { node: 'v17.4.0', npm: '8.3.1' }
npm WARN EBADENGINE }
npm WARN EBADENGINE Unsupported engine {
npm WARN EBADENGINE   package: 'openid-client@5.1.0',
npm WARN EBADENGINE   required: { node: '^12.19.0 || ^14.15.0 || ^16.13.0' },
npm WARN EBADENGINE   current: { node: 'v17.4.0', npm: '8.3.1' }
npm WARN EBADENGINE }
npm WARN deprecated subscriptions-transport-ws@0.11.0: The `subscriptions-transport-ws` package is no longer maintained. We recommend you use `graphql-ws` instead. For help migrating Apollo software to `graphql-ws`, see https://www.apollographql.com/docs/apollo-server/data/subscriptions/#switching-from-subscriptions-transport-ws    For general help using `graphql-ws`, see https://github.com/enisdenjo/graphql-ws/blob/master/README.md
npm WARN deprecated @mui/core@5.0.0-alpha.46: You can now upgrade to @mui/base. See https://github.com/mui/material-ui/releases/tag/v5.1.1

added 488 packages, and audited 489 packages in 31s

76 packages are looking for funding
  run `npm fund` for details

4 vulnerabilities (2 moderate, 2 high)

To address issues that do not require attention, run:
  npm audit fix

To address all issues, run:
  npm audit fix --force

Run `npm audit` for details.
